This is pdfTeX, Version 3.141592653-2.6-1.40.29 (TeX Live 2026) (preloaded format=pdflatex 2026.4.11)  7 JUL 2026 01:11
entering extended mode
 restricted \write18 enabled.
 %&-line parsing enabled.
**"PanovskĂœ - BakalĂĄĆskĂĄ prĂĄce.tex"
(./PanovskĂœ - BakalĂĄĆskĂĄ prĂĄce.tex
LaTeX2e <2025-11-01>
L3 programming layer <2026-03-20>
(./kidiplom.cls
Document Class: kidiplom 2012/09/09 KI PrF UP v Olomouci Diploma Class

Class kidiplom Warning: [kidiplom] You are using kidiplom class 1.2.

(d:/texlive/2026/texmf-dist/tex/latex/base/article.cls
Document Class: article 2025/01/22 v1.4n Standard LaTeX document class
(d:/texlive/2026/texmf-dist/tex/latex/base/size12.clo
File: size12.clo 2025/01/22 v1.4n Standard LaTeX file (size option)
)
\c@part=\count275
\c@section=\count276
\c@subsection=\count277
\c@subsubsection=\count278
\c@paragraph=\count279
\c@subparagraph=\count280
\c@figure=\count281
\c@table=\count282
\abovecaptionskip=\skip49
\belowcaptionskip=\skip50
\bibindent=\dimen150
)
(d:/texlive/2026/texmf-dist/tex/latex/kvoptions/kvoptions.sty
Package: kvoptions 2022-06-15 v3.15 Key value format for package options (HO)

(d:/texlive/2026/texmf-dist/tex/latex/graphics/keyval.sty
Package: keyval 2022/05/29 v1.15 key=value parser (DPC)
\KV@toks@=\toks17
)
(d:/texlive/2026/texmf-dist/tex/generic/ltxcmds/ltxcmds.sty
Package: ltxcmds 2023-12-04 v1.26 LaTeX kernel commands for general use (HO)
)
(d:/texlive/2026/texmf-dist/tex/latex/kvsetkeys/kvsetkeys.sty
Package: kvsetkeys 2022-10-05 v1.19 Key value parser (HO)
)) (./kibase.sty
Package: kibase 2012/09/09 KI PrF UP v Olomouci Base Style

(d:/texlive/2026/texmf-dist/tex/latex/base/inputenc.sty
Package: inputenc 2024/02/08 v1.3d Input encoding file
\inpenc@prehook=\toks18
\inpenc@posthook=\toks19
)
(d:/texlive/2026/texmf-dist/tex/generic/babel/babel.sty
Package: babel 2026/03/24 v26.5 The multilingual framework for LuaLaTeX, pdfLaT
eX and XeLaTeX
\babel@savecnt=\count283
LaTeX Encoding Info:    Redeclaring text command \ij (encoding OT1) on input li
ne 2078.
LaTeX Encoding Info:    Redeclaring text command \IJ (encoding OT1) on input li
ne 2080.
LaTeX Encoding Info:    Redeclaring text command \ij (encoding T1) on input lin
e 2082.
LaTeX Encoding Info:    Redeclaring text command \IJ (encoding T1) on input lin
e 2083.
LaTeX Encoding Info:    Ignoring declaration for text command \ij (encoding ?) 
on input line 2084.
LaTeX Encoding Info:    Ignoring declaration for text command \IJ (encoding ?) 
on input line 2086.
LaTeX Encoding Info:    Ignoring declaration for text command \SS (encoding ?) 
on input line 2111.
\U@D=\dimen151
\l@unhyphenated=\language91

(d:/texlive/2026/texmf-dist/tex/generic/babel/txtbabel.def)
\bbl@readstream=\read2
\bbl@dirlevel=\count284

(d:/texlive/2026/texmf-dist/tex/generic/babel/locale/cs/babel-czech.tex)
(d:/texlive/2026/texmf-dist/tex/generic/babel/locale/en/babel-english.tex)
(d:/texlive/2026/texmf-dist/tex/generic/babel/locale/cs/babel-czech.tex)
Package babel Info: Importing font and identification data for czech
(babel)             from babel-cs.ini. Reported on input line 4330.

(d:/texlive/2026/texmf-dist/tex/generic/babel-czech/czech.ldf
Language: czech 2008/07/06 v3.1a Czech support from the babel system
Package babel Info: Making " an active character on input line 172.
\cs@wordlen=\count285
Package babel Info: Making - an active character on input line 226.
)
Package babel Info: Importing font and identification data for english
(babel)             from babel-en.ini. Reported on input line 4330.

(d:/texlive/2026/texmf-dist/tex/generic/babel-english/english.ldf
Language: english 2017/06/06 v3.3r English support from the babel system
Package babel Info: Hyphen rules for 'canadian' set to \l@english
(babel)             (\language0). Reported on input line 102.
Package babel Info: Hyphen rules for 'australian' set to \l@ukenglish
(babel)             (\language22). Reported on input line 105.
Package babel Info: Hyphen rules for 'newzealand' set to \l@ukenglish
(babel)             (\language22). Reported on input line 108.
)
Package babel Info: Importing font and identification data for czech
(babel)             from babel-cs.ini. Reported on input line 4330.

(d:/texlive/2026/texmf-dist/tex/generic/babel-czech/czech.ldf
Language: czech 2008/07/06 v3.1a Czech support from the babel system
))
(d:/texlive/2026/texmf-dist/tex/latex/xcolor/xcolor.sty
Package: xcolor 2024/09/29 v3.02 LaTeX color extensions (UK)

(d:/texlive/2026/texmf-dist/tex/latex/graphics-cfg/color.cfg
File: color.cfg 2016/01/02 v1.6 sample color configuration
)

Package xcolor Warning: Package option `usenames' is obsolete and ignored on in
put line 265.

Package xcolor Info: Driver file: pdftex.def on input line 274.
(d:/texlive/2026/texmf-dist/tex/latex/graphics-def/pdftex.def
File: pdftex.def 2025/09/29 v1.2d Graphics/color driver for pdftex
)
(d:/texlive/2026/texmf-dist/tex/latex/graphics/mathcolor.ltx)
Package xcolor Info: Model `cmy' substituted by `cmy0' on input line 1349.
Package xcolor Info: Model `hsb' substituted by `rgb' on input line 1353.
Package xcolor Info: Model `RGB' extended on input line 1365.
Package xcolor Info: Model `HTML' substituted by `rgb' on input line 1367.
Package xcolor Info: Model `Hsb' substituted by `hsb' on input line 1368.
Package xcolor Info: Model `tHsb' substituted by `hsb' on input line 1369.
Package xcolor Info: Model `HSB' substituted by `hsb' on input line 1370.
Package xcolor Info: Model `Gray' substituted by `gray' on input line 1371.
Package xcolor Info: Model `wave' substituted by `hsb' on input line 1372.
)
(d:/texlive/2026/texmf-dist/tex/latex/graphics/dvipsnam.def
File: dvipsnam.def 2016/06/17 v3.0m Driver-dependent file (DPC,SPQR)
)
(d:/texlive/2026/texmf-dist/tex/latex/colortbl/colortbl.sty
Package: colortbl 2024/10/29 v1.0k Color table columns (DPC)

(d:/texlive/2026/texmf-dist/tex/latex/tools/array.sty
Package: array 2025/09/25 v2.6n Tabular extension package (FMi)
\col@sep=\dimen152
\ar@mcellbox=\box53
\extrarowheight=\dimen153
\NC@list=\toks20
\extratabsurround=\skip51
\backup@length=\skip52
\ar@cellbox=\box54
)
\everycr=\toks21
\minrowclearance=\skip53
\rownum=\count286
)
(d:/texlive/2026/texmf-dist/tex/latex/hyperref/hyperref.sty
Package: hyperref 2026-01-29 v7.01p Hypertext links for LaTeX

(d:/texlive/2026/texmf-dist/tex/generic/iftex/iftex.sty
Package: iftex 2024/12/12 v1.0g TeX engine tests
)
(d:/texlive/2026/texmf-dist/tex/generic/kvdefinekeys/kvdefinekeys.sty
Package: kvdefinekeys 2019-12-19 v1.6 Define keys (HO)
)
(d:/texlive/2026/texmf-dist/tex/generic/pdfescape/pdfescape.sty
Package: pdfescape 2019/12/09 v1.15 Implements pdfTeX's escape features (HO)

(d:/texlive/2026/texmf-dist/tex/generic/pdftexcmds/pdftexcmds.sty
Package: pdftexcmds 2020-06-27 v0.33 Utility functions of pdfTeX for LuaTeX (HO
)

(d:/texlive/2026/texmf-dist/tex/generic/infwarerr/infwarerr.sty
Package: infwarerr 2019/12/03 v1.5 Providing info/warning/error messages (HO)
)
Package pdftexcmds Info: \pdf@primitive is available.
Package pdftexcmds Info: \pdf@ifprimitive is available.
Package pdftexcmds Info: \pdfdraftmode found.
))
(d:/texlive/2026/texmf-dist/tex/latex/hycolor/hycolor.sty
Package: hycolor 2020-01-27 v1.10 Color options for hyperref/bookmark (HO)
)
(d:/texlive/2026/texmf-dist/tex/latex/hyperref/nameref.sty
Package: nameref 2026-01-29 v2.58 Cross-referencing by name of section

(d:/texlive/2026/texmf-dist/tex/latex/refcount/refcount.sty
Package: refcount 2019/12/15 v3.6 Data extraction from label references (HO)
)
(d:/texlive/2026/texmf-dist/tex/generic/gettitlestring/gettitlestring.sty
Package: gettitlestring 2019/12/15 v1.6 Cleanup title references (HO)
)
\c@section@level=\count287
)
(d:/texlive/2026/texmf-dist/tex/latex/etoolbox/etoolbox.sty
Package: etoolbox 2025/10/02 v2.5m e-TeX tools for LaTeX (JAW)
\etb@tempcnta=\count288
)
(d:/texlive/2026/texmf-dist/tex/generic/stringenc/stringenc.sty
Package: stringenc 2019/11/29 v1.12 Convert strings between diff. encodings (HO
)
)
\@linkdim=\dimen154
\Hy@linkcounter=\count289
\Hy@pagecounter=\count290

(d:/texlive/2026/texmf-dist/tex/latex/hyperref/pd1enc.def
File: pd1enc.def 2026-01-29 v7.01p Hyperref: PDFDocEncoding definition (HO)
Now handling font encoding PD1 ...
... no UTF-8 mapping file for font encoding PD1
)
(d:/texlive/2026/texmf-dist/tex/generic/intcalc/intcalc.sty
Package: intcalc 2019/12/15 v1.3 Expandable calculations with integers (HO)
)
\Hy@SavedSpaceFactor=\count291

(d:/texlive/2026/texmf-dist/tex/latex/hyperref/puenc.def
File: puenc.def 2026-01-29 v7.01p Hyperref: PDF Unicode definition (HO)
Now handling font encoding PU ...
... no UTF-8 mapping file for font encoding PU
)
Package hyperref Info: Option `unicode' set `true' on input line 4072.
Package hyperref Info: Option `breaklinks' set `true' on input line 4072.
Package hyperref Info: Hyper figures OFF on input line 4201.
Package hyperref Info: Link nesting OFF on input line 4206.
Package hyperref Info: Hyper index ON on input line 4209.
Package hyperref Info: Plain pages OFF on input line 4216.
Package hyperref Info: Backreferencing OFF on input line 4221.
Package hyperref Info: Implicit mode ON; LaTeX internals redefined.
Package hyperref Info: Bookmarks ON on input line 4468.
\c@Hy@tempcnt=\count292

(d:/texlive/2026/texmf-dist/tex/latex/url/url.sty
\Urlmuskip=\muskip17
Package: url 2013/09/16  ver 3.4  Verb mode for urls, etc.
)
LaTeX Info: Redefining \url on input line 4807.
\XeTeXLinkMargin=\dimen155

(d:/texlive/2026/texmf-dist/tex/generic/bitset/bitset.sty
Package: bitset 2019/12/09 v1.3 Handle bit-vector datatype (HO)

(d:/texlive/2026/texmf-dist/tex/generic/bigintcalc/bigintcalc.sty
Package: bigintcalc 2019/12/15 v1.5 Expandable calculations on big integers (HO
)
))
\Fld@menulength=\count293
\Field@Width=\dimen156
\Fld@charsize=\dimen157
Package hyperref Info: Hyper figures OFF on input line 6084.
Package hyperref Info: Link nesting OFF on input line 6089.
Package hyperref Info: Hyper index ON on input line 6092.
Package hyperref Info: backreferencing OFF on input line 6099.
Package hyperref Info: Link coloring OFF on input line 6104.
Package hyperref Info: Link coloring with OCG OFF on input line 6109.
Package hyperref Info: PDF/A mode OFF on input line 6114.
\Hy@abspage=\count294
\c@Item=\count295
\c@Hfootnote=\count296
)
Package hyperref Info: Driver (autodetected): hpdftex.

(d:/texlive/2026/texmf-dist/tex/latex/hyperref/hpdftex.def
File: hpdftex.def 2026-01-29 v7.01p Hyperref driver for pdfTeX
\Fld@listcount=\count297
\c@bookmark@seq@number=\count298

(d:/texlive/2026/texmf-dist/tex/latex/rerunfilecheck/rerunfilecheck.sty
Package: rerunfilecheck 2025-06-21 v1.11 Rerun checks for auxiliary files (HO)

(d:/texlive/2026/texmf-dist/tex/generic/uniquecounter/uniquecounter.sty
Package: uniquecounter 2019/12/15 v1.4 Provide unlimited unique counter (HO)
)
Package uniquecounter Info: New unique counter `rerunfilecheck' on input line 2
84.
)
\Hy@SectionHShift=\skip54
)
(d:/texlive/2026/texmf-dist/tex/latex/bookmark/bookmark.sty
Package: bookmark 2023-12-10 v1.31 PDF bookmarks (HO)

(d:/texlive/2026/texmf-dist/tex/latex/bookmark/bkm-pdftex.def
File: bkm-pdftex.def 2023-12-10 v1.31 bookmark driver for pdfTeX and luaTeX (HO
)
\BKM@id=\count299
))
(d:/texlive/2026/texmf-dist/tex/latex/listings/listings.sty
\lst@mode=\count300
\lst@gtempboxa=\box55
\lst@token=\toks22
\lst@length=\count301
\lst@currlwidth=\dimen158
\lst@column=\count302
\lst@pos=\count303
\lst@lostspace=\dimen159
\lst@width=\dimen160
\lst@newlines=\count304
\lst@lineno=\count305
\lst@maxwidth=\dimen161

(d:/texlive/2026/texmf-dist/tex/latex/listings/lstpatch.sty
File: lstpatch.sty 2025/11/14 1.11b (Carsten Heinz)
)
(d:/texlive/2026/texmf-dist/tex/latex/listings/lstmisc.sty
File: lstmisc.sty 2025/11/14 1.11b (Carsten Heinz)
\c@lstnumber=\count306
\lst@skipnumbers=\count307
\lst@framebox=\box56
)
(d:/texlive/2026/texmf-dist/tex/latex/listings/listings.cfg
File: listings.cfg 2025/11/14 1.11b listings configuration
))
Package: listings 2025/11/14 1.11b (Carsten Heinz)

==> First Aid for listings.sty no longer applied!
    Expected:
        2024/09/23 1.10c (Carsten Heinz)
    but found:
        2025/11/14 1.11b (Carsten Heinz)
    so I'm assuming it got fixed.
(d:/texlive/2026/texmf-dist/tex/generic/iftex/ifpdf.sty
Package: ifpdf 2019/10/25 v3.4 ifpdf legacy package. Use iftex instead.
)
(d:/texlive/2026/texmf-dist/tex/latex/base/ifthen.sty
Package: ifthen 2024/03/16 v1.1e Standard LaTeX ifthen package (DPC)
)
(d:/texlive/2026/texmf-dist/tex/latex/savesym/savesym.sty
Package: savesym 2013/09/02 v1.2 Saves and restores symbols (JG)
)
(d:/texlive/2026/texmf-dist/tex/latex/glossaries/base/glossaries.sty
Package: glossaries 2026/03/06 v5.0 (NLCT)

(d:/texlive/2026/texmf-dist/tex/latex/xkeyval/xkeyval.sty
Package: xkeyval 2025/11/04 v2.10 package option processing (HA)

(d:/texlive/2026/texmf-dist/tex/generic/xkeyval/xkeyval.tex
(d:/texlive/2026/texmf-dist/tex/generic/xkeyval/xkvutils.tex
\XKV@toks=\toks23
\XKV@tempa@toks=\toks24
\XKV@tempb@toks=\toks25
)
\XKV@depth=\count308
File: xkeyval.tex 2014/12/03 v2.7a key=value parser (HA)
))
(d:/texlive/2026/texmf-dist/tex/latex/mfirstuc/mfirstuc.sty
Package: mfirstuc 2025/04/03 v2.09 (NLCT)
\@glsmfirst=\toks26
\@glsmrest=\toks27
)
(d:/texlive/2026/texmf-dist/tex/latex/xfor/xfor.sty
Package: xfor 2009/02/05 v1.05 (NLCT)
)
(d:/texlive/2026/texmf-dist/tex/latex/amsmath/amsgen.sty
File: amsgen.sty 1999/11/30 v2.0 generic functions
\@emptytoks=\toks28
\ex@=\dimen162
)

Package glossaries Warning: sanitize package option deprecated on input line 12
64.

(d:/texlive/2026/texmf-dist/tex/latex/tracklang/tracklang.sty
Package: tracklang 2025/03/11 v1.6.6 (NLCT) Track Languages

(d:/texlive/2026/texmf-dist/tex/generic/tracklang/tracklang.tex)
Package tracklang Info: Tracking dialect `czech' (language `czech') on input li
ne 264.
Package tracklang Info: Tracking dialect `english' (language `english') on inpu
t line 264.
Package tracklang Info: Tracking dialect `czech' (language `czech') on input li
ne 264.
Package tracklang Info: Tracking dialect `czech' (language `czech') on input li
ne 264.
Package tracklang Info: Tracking dialect `english' (language `english') on inpu
t line 264.
Package tracklang Info: Tracking dialect `czech' (language `czech') on input li
ne 264.
)
(d:/texlive/2026/texmf-dist/tex/latex/translator/translator.sty
Package: translator 2021-05-31 v1.12d Easy translation of strings in LaTeX
)

Package glossaries Warning: No language module detected for `czech'.
(glossaries)                Language modules need to be installed separately.
(glossaries)                Please check on CTAN for a bundle called
(glossaries)                `glossaries-czech' or similar.


(d:/texlive/2026/texmf-dist/tex/latex/glossaries-english/glossaries-english.ldf
File: glossaries-english.ldf 2014/11/23 v1.0
) (d:/texlive/2026/texmf-dist/tex/latex/datatool/datatool-base.sty
Package: datatool-base 2025/12/04 v3.4.3 (NLCT)

(d:/texlive/2026/texmf-dist/tex/latex/amsmath/amsmath.sty
Package: amsmath 2025/07/09 v2.17z AMS math features
\@mathmargin=\skip55

For additional information on amsmath, use the `?' option.
(d:/texlive/2026/texmf-dist/tex/latex/amsmath/amstext.sty
Package: amstext 2024/11/17 v2.01 AMS text
)
(d:/texlive/2026/texmf-dist/tex/latex/amsmath/amsbsy.sty
Package: amsbsy 1999/11/29 v1.2d Bold Symbols
\pmbraise@=\dimen163
)
(d:/texlive/2026/texmf-dist/tex/latex/amsmath/amsopn.sty
Package: amsopn 2022/04/08 v2.04 operator names
)
\inf@bad=\count309
LaTeX Info: Redefining \frac on input line 233.
\uproot@=\count310
\leftroot@=\count311
LaTeX Info: Redefining \overline on input line 398.
LaTeX Info: Redefining \colon on input line 409.
\classnum@=\count312
\DOTSCASE@=\count313
LaTeX Info: Redefining \ldots on input line 495.
LaTeX Info: Redefining \dots on input line 498.
LaTeX Info: Redefining \cdots on input line 619.
\Mathstrutbox@=\box57
\strutbox@=\box58
LaTeX Info: Redefining \big on input line 721.
LaTeX Info: Redefining \Big on input line 722.
LaTeX Info: Redefining \bigg on input line 723.
LaTeX Info: Redefining \Bigg on input line 724.
\big@size=\dimen164
LaTeX Font Info:    Redeclaring font encoding OML on input line 742.
LaTeX Font Info:    Redeclaring font encoding OMS on input line 743.
\macc@depth=\count314
LaTeX Info: Redefining \bmod on input line 904.
LaTeX Info: Redefining \pmod on input line 909.
LaTeX Info: Redefining \smash on input line 939.
LaTeX Info: Redefining \relbar on input line 969.
LaTeX Info: Redefining \Relbar on input line 970.
\c@MaxMatrixCols=\count315
\dotsspace@=\muskip18
\c@parentequation=\count316
\dspbrk@lvl=\count317
\tag@help=\toks29
\row@=\count318
\column@=\count319
\maxfields@=\count320
\andhelp@=\toks30
\eqnshift@=\dimen165
\alignsep@=\dimen166
\tagshift@=\dimen167
\tagwidth@=\dimen168
\totwidth@=\dimen169
\lineht@=\dimen170
\@envbody=\toks31
\multlinegap=\skip56
\multlinetaggap=\skip57
\mathdisplay@stack=\toks32
LaTeX Info: Redefining \[ on input line 2950.
LaTeX Info: Redefining \] on input line 2951.
)
\l__datatool_tmpa_int=\count321
\l__datatool_tmpb_int=\count322
\l__datatool_tmpc_int=\count323
\l__datatool_tmpd_int=\count324
\l__datatool_count_int=\count325
\l__datatool_tmp_datatype_int=\count326
\l__datatool_tmpa_dim=\dimen171
\l__datatool_tmpb_dim=\dimen172

(d:/texlive/2026/texmf-dist/tex/latex/datatool/datatool-l3fp.def
File: datatool-l3fp.def 2025/12/04 v3.4.3 (NLCT)
)
\@dtl@toks=\toks33
\@dtl@tmpcount=\count327
\dtl@tmplength=\skip58
\l__datatool_measure_box=\box59
\dtl@sortresult=\count328

(d:/texlive/2026/texmf-dist/tex/latex/datatool/datatool-utf8.ldf
File: datatool-utf8.ldf 2025/12/04 v3.4.3 (NLCT)
)
\@dtl@datatype=\count329
\c_datatool_unknown_int=\count330
\l__datatool_year_int=\count331
\l__datatool_month_int=\count332
\l__datatool_day_int=\count333
\l__datatool_hour_int=\count334
\l__datatool_minute_int=\count335
\l__datatool_second_int=\count336
\l__datatool_tzhour_int=\count337
\l__datatool_tzminute_int=\count338
\l__datatool_julian_int=\count339
\l__datatool_local_julian_int=\count340
\l__datatool_prefix_int=\count341
\l__datatool_suffix_int=\count342
\@dtl@foreach@level=\count343


Package tracklang Warning: No `datatool' support for dialect `czech'  on input 
line 9924.

(d:/texlive/2026/texmf-dist/tex/latex/datatool-english/datatool-english.ldf
File: datatool-english.ldf 2025/03/12 v1.1 (NLCT)

(d:/texlive/2026/texmf-dist/tex/latex/datatool-english/datatool-english-utf8.ld
f
File: datatool-english-utf8.ldf 2025/03/12 v1.1 (NLCT)
))
\dtl@codeA=\count344
\dtl@codeB=\count345
)
\gls@level=\count346
\@gls@tmpb=\toks34
\gls@tmplen=\skip59
\l__glossaries_tmpa_dim=\dimen173
\l__glossaries_tmpb_dim=\dimen174
\glskeylisttok=\toks35
\glslabeltok=\toks36
\glsshorttok=\toks37
\glslongtok=\toks38

(d:/texlive/2026/texmf-dist/tex/latex/glossaries/styles/glossary-hypernav.sty
Package: glossary-hypernav 2026/03/06 v5.0 (NLCT)
)
(d:/texlive/2026/texmf-dist/tex/latex/glossaries/styles/glossary-list.sty
Package: glossary-list 2026/03/06 v5.0 (NLCT)
\glslistdottedwidth=\skip60
)
(d:/texlive/2026/texmf-dist/tex/latex/glossaries/styles/glossary-long.sty
Package: glossary-long 2026/03/06 v5.0 (NLCT)

(d:/texlive/2026/texmf-dist/tex/latex/tools/longtable.sty
Package: longtable 2025-10-13 v4.24 Multi-page Table package (DPC)
\LTleft=\skip61
\LTright=\skip62
\LTpre=\skip63
\LTpost=\skip64
\LTchunksize=\count347
\LTcapwidth=\dimen175
\LT@head=\box60
\LT@firsthead=\box61
\LT@foot=\box62
\LT@lastfoot=\box63
\LT@gbox=\box64
\LT@cols=\count348
\LT@rows=\count349
\c@LT@tables=\count350
\c@LT@chunks=\count351
\LT@p@ftn=\toks39
)
\glsdescwidth=\skip65
\glspagelistwidth=\skip66
)
(d:/texlive/2026/texmf-dist/tex/latex/glossaries/styles/glossary-super.sty
Package: glossary-super 2026/03/06 v5.0 (NLCT)

(d:/texlive/2026/texmf-dist/tex/latex/supertabular/supertabular.sty
Package: supertabular 2025/06/26 v4.2d the supertabular environment
\c@tracingst=\count352
\ST@wd=\dimen176
\ST@rightskip=\skip67
\ST@leftskip=\skip68
\ST@parfillskip=\skip69
\ST@pageleft=\dimen177
\ST@headht=\dimen178
\ST@tailht=\dimen179
\ST@pagesofar=\dimen180
\ST@pboxht=\dimen181
\ST@rowht=\dimen182
\ST@prevht=\dimen183
\ST@toadd=\dimen184
\ST@dimen=\dimen185
\ST@pbox=\box65
))
(d:/texlive/2026/texmf-dist/tex/latex/glossaries/styles/glossary-tree.sty
Package: glossary-tree 2026/03/06 v5.0 (NLCT)
\l__glossaries_tree_max_known_level_int=\count353
\l__glossaries_tree_offset_dim=\dimen186
\l__glossaries_tree_namewidth_dim=\dimen187
\l__glossaries_tree_symbolwidth_dim=\dimen188
\l__glossaries_tree_prenamesym_width_dim=\dimen189
\l__glossaries_tree_presubnamesym_width_dim=\dimen190
\l__glossaries_tree_namewidth_padding_dim=\dimen191
\l__glossaries_tree_symbolwidth_padding_dim=\dimen192
\l__glossaries_tree_namesymbolwidth_dim=\dimen193
\l__glossaries_tree_namesymbolwidth_padding_dim=\dimen194
\l__glossaries_tree_level_int=\count354
\glstreeindent=\skip70
))
(d:/texlive/2026/texmf-dist/tex/latex/lm/lmodern.sty
Package: lmodern 2015/05/01 v1.6.1 Latin Modern Fonts
LaTeX Font Info:    Overwriting symbol font `operators' in version `normal'
(Font)                  OT1/cmr/m/n --> OT1/lmr/m/n on input line 22.
LaTeX Font Info:    Overwriting symbol font `letters' in version `normal'
(Font)                  OML/cmm/m/it --> OML/lmm/m/it on input line 23.
LaTeX Font Info:    Overwriting symbol font `symbols' in version `normal'
(Font)                  OMS/cmsy/m/n --> OMS/lmsy/m/n on input line 24.
LaTeX Font Info:    Overwriting symbol font `largesymbols' in version `normal'
(Font)                  OMX/cmex/m/n --> OMX/lmex/m/n on input line 25.
LaTeX Font Info:    Overwriting symbol font `operators' in version `bold'
(Font)                  OT1/cmr/bx/n --> OT1/lmr/bx/n on input line 26.
LaTeX Font Info:    Overwriting symbol font `letters' in version `bold'
(Font)                  OML/cmm/b/it --> OML/lmm/b/it on input line 27.
LaTeX Font Info:    Overwriting symbol font `symbols' in version `bold'
(Font)                  OMS/cmsy/b/n --> OMS/lmsy/b/n on input line 28.
LaTeX Font Info:    Overwriting symbol font `largesymbols' in version `bold'
(Font)                  OMX/cmex/m/n --> OMX/lmex/m/n on input line 29.
LaTeX Font Info:    Overwriting math alphabet `\mathbf' in version `normal'
(Font)                  OT1/cmr/bx/n --> OT1/lmr/bx/n on input line 31.
LaTeX Font Info:    Overwriting math alphabet `\mathsf' in version `normal'
(Font)                  OT1/cmss/m/n --> OT1/lmss/m/n on input line 32.
LaTeX Font Info:    Overwriting math alphabet `\mathit' in version `normal'
(Font)                  OT1/cmr/m/it --> OT1/lmr/m/it on input line 33.
LaTeX Font Info:    Overwriting math alphabet `\mathtt' in version `normal'
(Font)                  OT1/cmtt/m/n --> OT1/lmtt/m/n on input line 34.
LaTeX Font Info:    Overwriting math alphabet `\mathbf' in version `bold'
(Font)                  OT1/cmr/bx/n --> OT1/lmr/bx/n on input line 35.
LaTeX Font Info:    Overwriting math alphabet `\mathsf' in version `bold'
(Font)                  OT1/cmss/bx/n --> OT1/lmss/bx/n on input line 36.
LaTeX Font Info:    Overwriting math alphabet `\mathit' in version `bold'
(Font)                  OT1/cmr/bx/it --> OT1/lmr/bx/it on input line 37.
LaTeX Font Info:    Overwriting math alphabet `\mathtt' in version `bold'
(Font)                  OT1/cmtt/m/n --> OT1/lmtt/m/n on input line 38.
)
(d:/texlive/2026/texmf-dist/tex/latex/base/fontenc.sty
Package: fontenc 2025/07/18 v2.1d Standard LaTeX package
LaTeX Font Info:    Trying to load font information for T1+lmr on input line 11
6.

(d:/texlive/2026/texmf-dist/tex/latex/lm/t1lmr.fd
File: t1lmr.fd 2015/05/01 v1.6.1 Font defs for Latin Modern
))
(d:/texlive/2026/texmf-dist/tex/latex/graphics/graphicx.sty
Package: graphicx 2024/12/31 v1.2e Enhanced LaTeX Graphics (DPC,SPQR)

(d:/texlive/2026/texmf-dist/tex/latex/graphics/graphics.sty
Package: graphics 2024/08/06 v1.4g Standard LaTeX Graphics (DPC,SPQR)

(d:/texlive/2026/texmf-dist/tex/latex/graphics/trig.sty
Package: trig 2023/12/02 v1.11 sin cos tan (DPC)
)
(d:/texlive/2026/texmf-dist/tex/latex/graphics-cfg/graphics.cfg
File: graphics.cfg 2016/06/04 v1.11 sample graphics configuration
)
Package graphics Info: Driver file: pdftex.def on input line 106.
)
\Gin@req@height=\dimen195
\Gin@req@width=\dimen196
)
(d:/texlive/2026/texmf-dist/tex/latex/csquotes/csquotes.sty
Package: csquotes 2024-04-04 v5.2o context-sensitive quotations (JAW)
\csq@reset=\count355
\csq@gtype=\count356
\csq@glevel=\count357
\csq@qlevel=\count358
\csq@maxlvl=\count359
\csq@tshold=\count360
\csq@ltx@everypar=\toks40

(d:/texlive/2026/texmf-dist/tex/latex/csquotes/csquotes.def
File: csquotes.def 2024-04-04 v5.2o csquotes generic definitions (JAW)
)
Package csquotes Info: Trying to load configuration file 'csquotes.cfg'...
Package csquotes Info: ... configuration file loaded successfully.

(d:/texlive/2026/texmf-dist/tex/latex/csquotes/csquotes.cfg
File: csquotes.cfg 
))
Package csquotes Info: Redefining quotation style 'czech'.
Package csquotes Info: Redefining alias 'slovak' -> 'czech'.
Package hyperref Info: Option `colorlinks' set `true' on input line 297.
Package hyperref Info: Option `linktocpage' set `true' on input line 307.
Package hyperref Info: Option `pageanchor' set `true' on input line 307.
Package hyperref Info: Option `breaklinks' set `true' on input line 307.
Package hyperref Info: Option `plainpages' set `false' on input line 307.
Package hyperref Info: Option `bookmarksnumbered' set `true' on input line 307.

Package hyperref Info: Option `hypertexnames' set `true' on input line 307.
\glswrite=\write3
\glo@main@file=\write4
\openout4 = `"PanovskĂœ - BakalĂĄĆskĂĄ prĂĄce.glo"'.

Package glossaries Info: Writing glossary file "PanovskĂœ - BakalĂĄĆskĂĄ prĂĄc
e".glo on input line 349.
\glo@acronym@file=\write5
\openout5 = `"PanovskĂœ - BakalĂĄĆskĂĄ prĂĄce.acn"'.

Package glossaries Info: Writing glossary file "PanovskĂœ - BakalĂĄĆskĂĄ prĂĄc
e".acn on input line 349.
\glo@index@file=\write6
\openout6 = `"PanovskĂœ - BakalĂĄĆskĂĄ prĂĄce.idx"'.

Package glossaries Info: Writing glossary file "PanovskĂœ - BakalĂĄĆskĂĄ prĂĄc
e".idx on input line 349.

(d:/texlive/2026/texmf-dist/tex/latex/base/makeidx.sty
Package: makeidx 2021/10/04 v1.0m Standard LaTeX package
)
(d:/texlive/2026/texmf-dist/tex/latex/tools/multicol.sty
Package: multicol 2025/10/21 v2.0b multicolumn formatting (FMi)
\c@tracingmulticols=\count361
\mult@box=\box66
\multicol@leftmargin=\dimen197
\c@unbalance=\count362
\c@collectmore=\count363
\doublecol@number=\count364
\multicoltolerance=\count365
\multicolpretolerance=\count366
\full@width=\dimen198
\page@free=\dimen199
\premulticols=\dimen256
\postmulticols=\dimen257
\multicolsep=\skip71
\multicolbaselineskip=\skip72
\partial@page=\box67
\last@line=\box68
\mc@boxedresult=\box69
\maxbalancingoverflow=\dimen258
\mult@rightbox=\box70
\mult@grightbox=\box71
\mult@firstbox=\box72
\mult@gfirstbox=\box73
\@tempa=\box74
\@tempa=\box75
\@tempa=\box76
\@tempa=\box77
\@tempa=\box78
\@tempa=\box79
\@tempa=\box80
\@tempa=\box81
\@tempa=\box82
\@tempa=\box83
\@tempa=\box84
\@tempa=\box85
\@tempa=\box86
\@tempa=\box87
\@tempa=\box88
\@tempa=\box89
\@tempa=\box90
\@tempa=\box91
\@tempa=\box92
\@tempa=\box93
\@tempa=\box94
\@tempa=\box95
\@tempa=\box96
\@tempa=\box97
\@tempa=\box98
\@tempa=\box99
\@tempa=\box100
\@tempa=\box101
\@tempa=\box102
\@tempa=\box103
\@tempa=\box104
\@tempa=\box105
\@tempa=\box106
\@tempa=\box107
\@tempa=\box108
\@tempa=\box109
\c@minrows=\count367
\c@columnbadness=\count368
\c@finalcolumnbadness=\count369
\last@try=\dimen259
\multicolovershoot=\dimen260
\multicolundershoot=\dimen261
\mult@nat@firstbox=\box110
\colbreak@box=\box111
\mc@col@check@num=\count370
\g__mc_curr_col_int=\count371
)
\@indexfile=\write7
\openout7 = `"PanovskĂœ - BakalĂĄĆskĂĄ prĂĄce.idx"'.


Writing index file "PanovskĂœ - BakalĂĄĆskĂĄ prĂĄce".idx
\c@indexno=\count372
(d:/texlive/2026/texmf-dist/tex/latex/biblatex/biblatex.sty
Package: biblatex 2025/07/10 v3.21 programmable bibliographies (PK/MW)

(d:/texlive/2026/texmf-dist/tex/latex/logreq/logreq.sty
Package: logreq 2010/08/04 v1.0 xml request logger
\lrq@indent=\count373

(d:/texlive/2026/texmf-dist/tex/latex/logreq/logreq.def
File: logreq.def 2010/08/04 v1.0 logreq spec v1.0
))
\c@tabx@nest=\count374
\c@listtotal=\count375
\c@listcount=\count376
\c@liststart=\count377
\c@liststop=\count378
\c@citecount=\count379
\c@citetotal=\count380
\c@multicitecount=\count381
\c@multicitetotal=\count382
\c@instcount=\count383
\c@maxnames=\count384
\c@minnames=\count385
\c@maxitems=\count386
\c@minitems=\count387
\c@citecounter=\count388
\c@maxcitecounter=\count389
\c@savedcitecounter=\count390
\c@uniquelist=\count391
\c@uniquename=\count392
\c@refsection=\count393
\c@refsegment=\count394
\c@maxextratitle=\count395
\c@maxextratitleyear=\count396
\c@maxextraname=\count397
\c@maxextradate=\count398
\c@maxextraalpha=\count399
\c@abbrvpenalty=\count400
\c@highnamepenalty=\count401
\c@lownamepenalty=\count402
\c@maxparens=\count403
\c@parenlevel=\count404
\blx@tempcnta=\count405
\blx@tempcntb=\count406
\blx@tempcntc=\count407
\c@blx@maxsection=\count408
\blx@maxsegment@0=\count409
\blx@notetype=\count410
\blx@parenlevel@text=\count411
\blx@parenlevel@foot=\count412
\blx@sectionciteorder@0=\count413
\blx@sectionciteorderinternal@0=\count414
\blx@entrysetcounter=\count415
\blx@biblioinstance=\count416
\labelnumberwidth=\skip73
\labelalphawidth=\skip74
\biblabelsep=\skip75
\bibitemsep=\skip76
\bibnamesep=\skip77
\bibinitsep=\skip78
\bibparsep=\skip79
\bibhang=\skip80
\blx@bcfin=\read3
\blx@bcfout=\write8
\blx@langwohyphens=\language92
\c@mincomprange=\count417
\c@maxcomprange=\count418
\c@mincompwidth=\count419
Package biblatex Info: Trying to load biblatex default data model...
Package biblatex Info: ... file 'blx-dm.def' found.

(d:/texlive/2026/texmf-dist/tex/latex/biblatex/blx-dm.def
File: blx-dm.def 2025/07/10 v3.21 biblatex datamodel (PK/MW)
)
Package biblatex Info: Trying to load biblatex style data model...
Package biblatex Info: ... file 'iso-numeric.dbx' found.

(d:/texlive/2026/texmf-dist/tex/latex/biblatex-iso690/iso-numeric.dbx
File: iso-numeric.dbx 2022/03/20 v0.4.1 ISO 690 biblatex data model extension
)
Package biblatex Info: Trying to load biblatex custom data model...
Package biblatex Info: ... file 'biblatex-dm.cfg' not found.
\c@afterword=\count420
\c@savedafterword=\count421
\c@annotator=\count422
\c@savedannotator=\count423
\c@author=\count424
\c@savedauthor=\count425
\c@bookauthor=\count426
\c@savedbookauthor=\count427
\c@commentator=\count428
\c@savedcommentator=\count429
\c@editor=\count430
\c@savededitor=\count431
\c@editora=\count432
\c@savededitora=\count433
\c@editorb=\count434
\c@savededitorb=\count435
\c@editorc=\count436
\c@savededitorc=\count437
\c@foreword=\count438
\c@savedforeword=\count439
\c@holder=\count440
\c@savedholder=\count441
\c@introduction=\count442
\c@savedintroduction=\count443
\c@namea=\count444
\c@savednamea=\count445
\c@nameb=\count446
\c@savednameb=\count447
\c@namec=\count448
\c@savednamec=\count449
\c@translator=\count450
\c@savedtranslator=\count451
\c@shortauthor=\count452
\c@savedshortauthor=\count453
\c@shorteditor=\count454
\c@savedshorteditor=\count455
\c@supervisor=\count456
\c@savedsupervisor=\count457
\c@labelname=\count458
\c@savedlabelname=\count459
\c@institution=\count460
\c@savedinstitution=\count461
\c@lista=\count462
\c@savedlista=\count463
\c@listb=\count464
\c@savedlistb=\count465
\c@listc=\count466
\c@savedlistc=\count467
\c@listd=\count468
\c@savedlistd=\count469
\c@liste=\count470
\c@savedliste=\count471
\c@listf=\count472
\c@savedlistf=\count473
\c@location=\count474
\c@savedlocation=\count475
\c@organization=\count476
\c@savedorganization=\count477
\c@origlocation=\count478
\c@savedoriglocation=\count479
\c@origpublisher=\count480
\c@savedorigpublisher=\count481
\c@publisher=\count482
\c@savedpublisher=\count483
\c@language=\count484
\c@savedlanguage=\count485
\c@origlanguage=\count486
\c@savedoriglanguage=\count487
\c@pageref=\count488
\c@savedpageref=\count489
\shorthandwidth=\skip81
\shortjournalwidth=\skip82
\shortserieswidth=\skip83
\shorttitlewidth=\skip84
\shortauthorwidth=\skip85
\shorteditorwidth=\skip86
\locallabelnumberwidth=\skip87
\locallabelalphawidth=\skip88
\localshorthandwidth=\skip89
\localshortjournalwidth=\skip90
\localshortserieswidth=\skip91
\localshorttitlewidth=\skip92
\localshortauthorwidth=\skip93
\localshorteditorwidth=\skip94
Package biblatex Info: Trying to load compatibility code...
Package biblatex Info: ... file 'blx-compat.def' found.

(d:/texlive/2026/texmf-dist/tex/latex/biblatex/blx-compat.def
File: blx-compat.def 2025/07/10 v3.21 biblatex compatibility (PK/MW)
)
Package biblatex Info: Trying to load generic definitions...
Package biblatex Info: ... file 'biblatex.def' found.

(d:/texlive/2026/texmf-dist/tex/latex/biblatex/biblatex.def
File: biblatex.def 2025/07/10 v3.21 biblatex compatibility (PK/MW)
\c@textcitecount=\count490
\c@textcitetotal=\count491
\c@textcitemaxnames=\count492
\c@biburlbigbreakpenalty=\count493
\c@biburlbreakpenalty=\count494
\c@biburlnumpenalty=\count495
\c@biburlucpenalty=\count496
\c@biburllcpenalty=\count497
\biburlbigskip=\muskip19
\biburlnumskip=\muskip20
\biburlucskip=\muskip21
\biburllcskip=\muskip22
\c@smartand=\count498
)
Package biblatex Info: Trying to load natbib compatibility...
Package biblatex Info: ... file 'blx-natbib.def' found.

(d:/texlive/2026/texmf-dist/tex/latex/biblatex/blx-natbib.def
File: blx-natbib.def 2025/07/10 v3.21 biblatex compatibility (PK/MW)
Package biblatex Info: Delimiter 'nameyeardelim' in context '' already defined,
 overwriting.
)
Package biblatex Info: Trying to load bibliography style 'iso-numeric'...
Package biblatex Info: ... file 'iso-numeric.bbx' found.

(./iso-numeric.bbx
File: iso-numeric.bbx 2011/06/08
Package biblatex Info: Trying to load bibliography style 'iso'...
Package biblatex Info: ... file 'iso.bbx' found.
 (./iso.bbx
File: iso.bbx 2011/01/09 v1.0 biblatex bibliography style


Package biblatex Warning: 'iso8601' date format specifier is deprecated.
(biblatex)                Use 'iso' instead.

\trashlength=\skip95

Package biblatex Warning: Macro 'urldate' already defined.
(biblatex)                Using \renewbibmacro.

))
Package biblatex Info: Trying to load citation style 'iso-numeric'...
Package biblatex Info: ... file 'iso-numeric.cbx' found.
 (./iso-numeric.cbx
File: iso-numeric.cbx 2011/06/08
Package biblatex Info: Trying to load citation style 'numeric'...
Package biblatex Info: ... file 'numeric.cbx' found.

(d:/texlive/2026/texmf-dist/tex/latex/biblatex/cbx/numeric.cbx
File: numeric.cbx 2025/07/10 v3.21 biblatex citation style (PK/MW)
Package biblatex Info: Redefining '\cite'.
Package biblatex Info: Redefining '\parencite'.
Package biblatex Info: Redefining '\footcite'.
Package biblatex Info: Redefining '\footcitetext'.
Package biblatex Info: Redefining '\smartcite'.
Package biblatex Info: Redefining '\supercite'.
Package biblatex Info: Redefining '\textcite'.
Package biblatex Info: Redefining '\textcites'.
Package biblatex Info: Redefining '\cites'.
Package biblatex Info: Redefining '\parencites'.
Package biblatex Info: Redefining '\smartcites'.
))
Package biblatex Info: Trying to load configuration file...
Package biblatex Info: ... file 'biblatex.cfg' found.

(d:/texlive/2026/texmf-dist/tex/latex/biblatex/biblatex.cfg
File: biblatex.cfg 
)

Package biblatex Warning: 'babel' option is deprecated.
(biblatex)                Please use 'autolang' instead.

Package biblatex Info: Input encoding 'utf8' detected.
Package biblatex Info: Document encoding is UTF8 ....
(d:/texlive/2026/texmf-dist/tex/latex/l3kernel/expl3.sty
Package: expl3 2026-03-20 L3 programming layer (loader) 

(d:/texlive/2026/texmf-dist/tex/latex/l3backend/l3backend-pdftex.def
File: l3backend-pdftex.def 2026-02-18 L3 backend support: PDF output (pdfTeX)
\l__color_backend_stack_int=\count499
))
Package biblatex Info: ... and expl3
(biblatex)             2026-03-20 L3 programming layer (loader) 
(biblatex)             is new enough (at least 2020/04/06),
(biblatex)             setting 'casechanger=expl3'.

(d:/texlive/2026/texmf-dist/tex/latex/biblatex/blx-case-expl3.sty
(d:/texlive/2026/texmf-dist/tex/latex/l3packages/xparse/xparse.sty
Package: xparse 2025-10-09 L3 Experimental document command parser
)
Package: blx-case-expl3 2025/07/10 v3.21 expl3 case changing code for biblatex
))
(d:/texlive/2026/texmf-dist/tex/latex/listings/lstlang1.sty
File: lstlang1.sty 2025/11/14 1.11b listings language file
)
(d:/texlive/2026/texmf-dist/tex/latex/listings/lstlang2.sty
File: lstlang2.sty 2025/11/14 1.11b listings language file
)
(d:/texlive/2026/texmf-dist/tex/latex/listings/lstlang3.sty
File: lstlang3.sty 2025/11/14 1.11b listings language file
)
(d:/texlive/2026/texmf-dist/tex/latex/listings/lstmisc.sty
File: lstmisc.sty 2025/11/14 1.11b (Carsten Heinz)
)
(d:/texlive/2026/texmf-dist/tex/latex/amscls/amsthm.sty
Package: amsthm 2020/05/29 v2.20.6
\thm@style=\toks41
\thm@bodyfont=\toks42
\thm@headfont=\toks43
\thm@notefont=\toks44
\thm@headpunct=\toks45
\thm@preskip=\skip96
\thm@postskip=\skip97
\thm@headsep=\skip98
\dth@everypar=\toks46
)
(d:/texlive/2026/texmf-dist/tex/latex/thmtools/thmtools.sty
Package: thmtools 2023/05/04 v0.76
\thmt@toks=\toks47
\c@thmt@dummyctr=\count500

(d:/texlive/2026/texmf-dist/tex/latex/thmtools/thm-patch.sty
Package: thm-patch 2023/05/04 v0.76

(d:/texlive/2026/texmf-dist/tex/latex/thmtools/parseargs.sty
Package: parseargs 2023/05/04 v0.76
\@parsespec=\toks48
))
(d:/texlive/2026/texmf-dist/tex/latex/thmtools/thm-kv.sty
Package: thm-kv 2023/05/04 v0.76
Package thm-kv Info: Theorem names will be uppercased on input line 42.
Package thm-kv Info: kvsetkeys patch (v1.16 or later) on input line 158.
)
(d:/texlive/2026/texmf-dist/tex/latex/thmtools/thm-autoref.sty
Package: thm-autoref 2023/05/04 v0.76

(d:/texlive/2026/texmf-dist/tex/latex/thmtools/aliasctr.sty
Package: aliasctr 2023/05/04 v0.76
))
(d:/texlive/2026/texmf-dist/tex/latex/thmtools/thm-listof.sty
Package: thm-listof 2023/05/04 v0.76
)
(d:/texlive/2026/texmf-dist/tex/latex/thmtools/thm-restate.sty
Package: thm-restate 2023/05/04 v0.76
)
(d:/texlive/2026/texmf-dist/tex/latex/thmtools/thm-amsthm.sty
Package: thm-amsthm 2023/05/04 v0.76
\thmt@style@headstyle=\toks49
))
Package thmtools Info: Key `qed' (with value `\qedsymbol ')
(thmtools)             is not a known style key.
(thmtools)             Will pass this to every \declaretheorem
(thmtools)             that uses `style=kiproofstyle' on input line 717.
\c@definition=\count501
)
(d:/texlive/2026/texmf-dist/tex/latex/geometry/geometry.sty
Package: geometry 2026/03/07 v6.0 Page Geometry

(d:/texlive/2026/texmf-dist/tex/generic/iftex/ifvtex.sty
Package: ifvtex 2019/10/25 v1.7 ifvtex legacy package. Use iftex instead.
)
\Gm@cnth=\count502
\Gm@cntv=\count503
\c@Gm@tempcnt=\count504
\Gm@bindingoffset=\dimen262
\Gm@wd@mp=\dimen263
\Gm@odd@mp=\dimen264
\Gm@even@mp=\dimen265
\Gm@layoutwidth=\dimen266
\Gm@layoutheight=\dimen267
\Gm@layouthoffset=\dimen268
\Gm@layoutvoffset=\dimen269
\Gm@dimlist=\toks50
)
(d:/texlive/2026/texmf-dist/tex/latex/lastpage/lastpage.sty
Package: lastpage 2025/08/14 v2.1h lastpage: 2.09 or 2e? (HMM)

(d:/texlive/2026/texmf-dist/tex/latex/lastpage/lastpage2e.sty
Package: lastpage2e 2025/08/14 v2.1h Decide which 2e lastpage version to use (H
MM)

(d:/texlive/2026/texmf-dist/tex/latex/lastpage/lastpagemodern.sty
Package: lastpagemodern 2025-08-14 v2.1h Refers to last page's name (HMM; JPG)
\c@lastpagecount=\count505
) 
)) (d:/texlive/2026/texmf-dist/tex/latex/amsfonts/amssymb.sty
Package: amssymb 2013/01/14 v3.01 AMS font symbols

(d:/texlive/2026/texmf-dist/tex/latex/amsfonts/amsfonts.sty
Package: amsfonts 2013/01/14 v3.01 Basic AMSFonts support
\symAMSa=\mathgroup4
\symAMSb=\mathgroup5
LaTeX Font Info:    Redeclaring math symbol \hbar on input line 98.
LaTeX Font Info:    Overwriting math alphabet `\mathfrak' in version `bold'
(Font)                  U/euf/m/n --> U/euf/b/n on input line 106.
))
(d:/texlive/2026/texmf-dist/tex/latex/amsfonts/euscript.sty
Package: euscript 2009/06/22 v3.00 Euler Script fonts
LaTeX Font Info:    Overwriting math alphabet `\EuScript' in version `bold'
(Font)                  U/eus/m/n --> U/eus/b/n on input line 33.
))
(d:/texlive/2026/texmf-dist/tex/latex/lipsum/lipsum.sty
(d:/texlive/2026/texmf-dist/tex/latex/l3packages/l3keys2e/l3keys2e.sty
Package: l3keys2e 2025-10-09 LaTeX2e option processing using LaTeX3 keys
)
Package: lipsum 2021-09-20 v2.7 150 paragraphs of Lorem Ipsum dummy text
\g__lipsum_par_int=\count506
\l__lipsum_a_int=\count507
\l__lipsum_b_int=\count508

(d:/texlive/2026/texmf-dist/tex/latex/lipsum/lipsum.ltd.tex))
(d:/texlive/2026/texmf-dist/tex/latex/float/float.sty
Package: float 2001/11/08 v1.3d Float enhancements (AL)
\c@float@type=\count509
\float@exts=\toks51
\float@box=\box112
\@float@everytoks=\toks52
\@floatcapt=\box113
)
Package csquotes Info: Checking for multilingual support...
Package csquotes Info: ... found 'babel' package.
Package csquotes Info: Enabling multilingual quotes.


Package biblatex Warning: Attempt to redefine deprecated '\mkbibnamelast'.
(biblatex)                Please use '\mkbibnamefamily' instead.
(biblatex)                Using '\mkbibnamefamily'.


Package biblatex Warning: Conflicting options.
(biblatex)                'urldate=iso' requires 'seconds=true'.
(biblatex)                Setting 'seconds=true' on input line 128.

(./PanovskĂœ - BakalĂĄĆskĂĄ prĂĄce.aux
Package babel Info: 'czech' activates 'czech' shorthands.
(babel)             Reported on input line 21.
)
\openout1 = `"PanovskĂœ - BakalĂĄĆskĂĄ prĂĄce.aux"'.

LaTeX Font Info:    Checking defaults for OML/cmm/m/it on input line 128.
LaTeX Font Info:    ... okay on input line 128.
LaTeX Font Info:    Checking defaults for OMS/cmsy/m/n on input line 128.
LaTeX Font Info:    ... okay on input line 128.
LaTeX Font Info:    Checking defaults for OT1/cmr/m/n on input line 128.
LaTeX Font Info:    ... okay on input line 128.
LaTeX Font Info:    Checking defaults for T1/cmr/m/n on input line 128.
LaTeX Font Info:    ... okay on input line 128.
LaTeX Font Info:    Checking defaults for TS1/cmr/m/n on input line 128.
LaTeX Font Info:    ... okay on input line 128.
LaTeX Font Info:    Checking defaults for OMX/cmex/m/n on input line 128.
LaTeX Font Info:    ... okay on input line 128.
LaTeX Font Info:    Checking defaults for U/cmr/m/n on input line 128.
LaTeX Font Info:    ... okay on input line 128.
LaTeX Font Info:    Checking defaults for PD1/pdf/m/n on input line 128.
LaTeX Font Info:    ... okay on input line 128.
LaTeX Font Info:    Checking defaults for PU/pdf/m/n on input line 128.
LaTeX Font Info:    ... okay on input line 128.

(d:/texlive/2026/texmf-dist/tex/context/base/mkii/supp-pdf.mkii
[Loading MPS to PDF converter (version 2006.09.02).]
\scratchcounter=\count510
\scratchdimen=\dimen270
\scratchbox=\box114
\nofMPsegments=\count511
\nofMParguments=\count512
\everyMPshowfont=\toks53
\MPscratchCnt=\count513
\MPscratchDim=\dimen271
\MPnumerator=\count514
\makeMPintoPDFobject=\count515
\everyMPtoPDFconversion=\toks54
) (d:/texlive/2026/texmf-dist/tex/latex/epstopdf-pkg/epstopdf-base.sty
Package: epstopdf-base 2020-01-24 v2.11 Base part for package epstopdf
Package epstopdf-base Info: Redefining graphics rule for `.eps' on input line 4
85.

(d:/texlive/2026/texmf-dist/tex/latex/latexconfig/epstopdf-sys.cfg
File: epstopdf-sys.cfg 2010/07/13 v1.3 Configuration of (r)epstopdf for TeX Liv
e
))
Package hyperref Info: Link coloring ON on input line 128.
\c@lstlisting=\count516

(./PanovskĂœ - BakalĂĄĆskĂĄ prĂĄce.glsdefs)
Package biblatex Info: Trying to load language 'czech' -> 'czech-iso'...
Package biblatex Info: ... file 'czech-iso.lbx' found.
 (./czech-iso.lbx
File: czech-iso.lbx 
Package biblatex Info: Trying to load language 'czech'...
Package biblatex Info: ... file 'czech.lbx' found.
 (./czech.lbx
File: czech.lbx 
Package biblatex Info: Trying to load language 'english' -> 'english-iso'...
Package biblatex Info: ... file 'english-iso.lbx' found.

(./english-iso.lbx
File: english-iso.lbx 
Package biblatex Info: Trying to load language 'english'...
Package biblatex Info: ... file 'english.lbx' found.

(d:/texlive/2026/texmf-dist/tex/latex/biblatex/lbx/english.lbx
File: english.lbx 2025/07/10 v3.21 biblatex localization (PK/MW)
)))
Package biblatex Info: Trying to load language 'czech'...
Package biblatex Info: ... file 'czech.lbx' found.
 (./czech.lbx
File: czech.lbx 
Package biblatex Info: Trying to load language 'english' -> 'english-iso'...
Package biblatex Info: ... file 'english-iso.lbx' found.

(./english-iso.lbx
File: english-iso.lbx 
Package biblatex Info: Trying to load language 'english'...
Package biblatex Info: ... file 'english.lbx' found.

(d:/texlive/2026/texmf-dist/tex/latex/biblatex/lbx/english.lbx
File: english.lbx 2025/07/10 v3.21 biblatex localization (PK/MW)
))))
Package biblatex Info: Trying to load language 'english' -> 'english-iso'...
Package biblatex Info: ... file 'english-iso.lbx' found.

(./english-iso.lbx
File: english-iso.lbx 
Package biblatex Info: Trying to load language 'english'...
Package biblatex Info: ... file 'english.lbx' found.

(d:/texlive/2026/texmf-dist/tex/latex/biblatex/lbx/english.lbx
File: english.lbx 2025/07/10 v3.21 biblatex localization (PK/MW)
)
Package biblatex Info: Trying to load language 'english'...
Package biblatex Info: ... file 'english.lbx' found.

(d:/texlive/2026/texmf-dist/tex/latex/biblatex/lbx/english.lbx
File: english.lbx 2025/07/10 v3.21 biblatex localization (PK/MW)
))
Package biblatex Info: Input encoding 'utf8' detected.
Package biblatex Info: Data encoding 'utf8' specified.
(biblatex)             No need to reencode data.
\openout8 = `"PanovskĂœ - BakalĂĄĆskĂĄ prĂĄce.bcf"'.

Package biblatex Info: Trying to load bibliographic data...
Package biblatex Info: ... file '"PanovskĂœ - BakalĂĄĆskĂĄ prĂĄce".bbl' not fo
und.

No file "PanovskĂœ - BakalĂĄĆskĂĄ prĂĄce".bbl.
Package biblatex Info: Reference section=0 on input line 128.
Package biblatex Info: Reference segment=0 on input line 128.
*geometry* detected driver: pdftex
*geometry* verbose mode - [ preamble ] result:
* driver: pdftex
* paper: a4paper
* layout: <same size as paper>
* layoutoffset:(h,v)=(0.0pt,0.0pt)
* modes: 
* h-part:(L,W,R)=(113.81102pt, 409.50119pt, 74.19566pt)
* v-part:(T,H,B)=(99.58464pt, 645.87756pt, 99.58464pt)
* \paperwidth=597.50787pt
* \paperheight=845.04684pt
* \textwidth=409.50119pt
* \textheight=645.87756pt
* \oddsidemargin=41.54103pt
* \evensidemargin=41.54103pt
* \topmargin=-9.68535pt
* \headheight=12.0pt
* \headsep=25.0pt
* \topskip=12.0pt
* \footskip=30.0pt
* \marginparwidth=44.0pt
* \marginparsep=10.0pt
* \columnsep=10.0pt
* \skip\footins=10.8pt plus 4.0pt minus 2.0pt
* \hoffset=0.0pt
* \voffset=0.0pt
* \mag=1000
* \@twocolumnfalse
* \@twosidefalse
* \@mparswitchfalse
* \@reversemarginfalse
* (1in=72.27pt=25.4mm, 1cm=28.453pt)

<graphics/kititle-cz-nofont.pdf, id=4, 375.4025pt x 72.27pt>
File: graphics/kititle-cz-nofont.pdf Graphic file (type pdf)
<use graphics/kititle-cz-nofont.pdf>
Package pdftex.def Info: graphics/kititle-cz-nofont.pdf  used on input line 133
.
(pdftex.def)             Requested size: 225.24323pt x 43.36232pt.
<graphics/UP_znak.pdf, id=5, 101.59215pt x 101.59215pt>
File: graphics/UP_znak.pdf Graphic file (type pdf)
<use graphics/UP_znak.pdf>
Package pdftex.def Info: graphics/UP_znak.pdf  used on input line 133.
(pdftex.def)             Requested size: 101.59187pt x 101.59187pt.
LaTeX Font Info:    Trying to load font information for OT1+lmr on input line 1
33.
(d:/texlive/2026/texmf-dist/tex/latex/lm/ot1lmr.fd
File: ot1lmr.fd 2015/05/01 v1.6.1 Font defs for Latin Modern
)
LaTeX Font Info:    Trying to load font information for OML+lmm on input line 1
33.

(d:/texlive/2026/texmf-dist/tex/latex/lm/omllmm.fd
File: omllmm.fd 2015/05/01 v1.6.1 Font defs for Latin Modern
)
LaTeX Font Info:    Trying to load font information for OMS+lmsy on input line 
133.

(d:/texlive/2026/texmf-dist/tex/latex/lm/omslmsy.fd
File: omslmsy.fd 2015/05/01 v1.6.1 Font defs for Latin Modern
)
LaTeX Font Info:    Trying to load font information for OMX+lmex on input line 
133.

(d:/texlive/2026/texmf-dist/tex/latex/lm/omxlmex.fd
File: omxlmex.fd 2015/05/01 v1.6.1 Font defs for Latin Modern
)
LaTeX Font Info:    External font `lmex10' loaded for size
(Font)              <12> on input line 133.
LaTeX Font Info:    External font `lmex10' loaded for size
(Font)              <8> on input line 133.
LaTeX Font Info:    External font `lmex10' loaded for size
(Font)              <6> on input line 133.
LaTeX Font Info:    Trying to load font information for U+msa on input line 133
.

(d:/texlive/2026/texmf-dist/tex/latex/amsfonts/umsa.fd
File: umsa.fd 2013/01/14 v3.01 AMS symbols A
)
LaTeX Font Info:    Trying to load font information for U+msb on input line 133
.

(d:/texlive/2026/texmf-dist/tex/latex/amsfonts/umsb.fd
File: umsb.fd 2013/01/14 v3.01 AMS symbols B
) [1

\openout3 = `"PanovskĂœ - BakalĂĄĆskĂĄ prĂĄce.ist"'.

{d:/texlive/2026/texmf-var/fonts/map/pdftex/updmap/pdftex.map}{d:/texlive/2026/
texmf-dist/fonts/enc/dvips/lm/lm-ec.enc} <./graphics/kititle-cz-nofont.pdf> <./
graphics/UP_znak.pdf>]
LaTeX Font Info:    External font `lmex10' loaded for size
(Font)              <10.95> on input line 133.
 [2] [3

] [4

] (./PanovskĂœ - BakalĂĄĆskĂĄ prĂĄce.toc [5

])
\tf@toc=\write9
\openout9 = `"PanovskĂœ - BakalĂĄĆskĂĄ prĂĄce.toc"'.

 [6]
(./PanovskĂœ - BakalĂĄĆskĂĄ prĂĄce.lot)
\tf@lot=\write10
\openout10 = `"PanovskĂœ - BakalĂĄĆskĂĄ prĂĄce.lot"'.

 [7

] [8

] [9] [10]
LaTeX Font Info:    Trying to load font information for T1+pcr on input line 19
6.

(d:/texlive/2026/texmf-dist/tex/latex/psnfss/t1pcr.fd
File: t1pcr.fd 2001/06/04 font definitions for T1/pcr.
) [11{d:/texlive/2026/texmf-dist/fonts/enc/dvips/base/8r.enc}] [12]
Overfull \hbox (116.09859pt too wide) in paragraph at lines 259--259
[]        \T1/pcr/m/n/12 print(f"{env.now}: {name} se zaŁal pohybovat sm„rem {d
irection}")[] 
 []


Overfull \hbox (29.69862pt too wide) in paragraph at lines 259--259
[]        \T1/pcr/m/n/12 print(f"{env.now}: {name} se zastavil a rozhlíșí se")[
] 
 []

[13] [14]
LaTeX Info: Symbol \textrightarrow not provided by
            font family pcr in TS1 encoding.
            Default family used instead on input line 312.

Overfull \hbox (27.34918pt too wide) in paragraph at lines 314--315
\T1/lmr/m/n/12 Po prv-ním za-slání zprávy \T1/pcr/m/n/12 env.step() \T1/lmr/m/n
/12 se spustí první pro-ces \T1/pcr/m/n/12 procesni_funkce_1
 []

[15{d:/texlive/2026/texmf-dist/fonts/enc/dvips/cm-super/cm-super-ts1.enc}]
Overfull \hbox (0.38646pt too wide) in paragraph at lines 328--330
 \T1/lmr/bx/n/12 3.1.4.1 Spe-ci-a-li-zo-vané udá-losti[] \T1/lmr/m/n/12 Z p°e-d
e-Člęch ka-pi-tol jiș víme, șe \T1/pcr/m/n/12 Timeout
 []


Overfull \hbox (11.24771pt too wide) in paragraph at lines 335--336
[]\T1/lmr/m/n/12 U uși-va-tel-sky de-fi-no-va-nęch udá-lostí lze ex-pli-citn„ v
y-vo-lat je-jich na-stání. Jakmile
 []

[16]
Overfull \hbox (25.98703pt too wide) in paragraph at lines 343--344
\T1/lmr/m/n/12 na-stat \T1/pcr/m/n/12 (not triggered)\T1/lmr/m/n/12 , má na-sta
t \T1/pcr/m/n/12 (triggered)\T1/lmr/m/n/12 , nebo na-stala \T1/pcr/m/n/12 (proc
essed)\T1/lmr/m/n/12 .
 []

[17]
Overfull \hbox (238.49854pt too wide) in paragraph at lines 385--385
[]            \T1/pcr/m/n/12 print(f"{env.now}: {name} je na pozici {position[n
ame]} a zaŁal se pohybovat")[] 
 []


Overfull \hbox (29.69862pt too wide) in paragraph at lines 385--385
[]        \T1/pcr/m/n/12 print(f"{env.now}: {name} se zastavil a rozhlíșí se")[
] 
 []


Overfull \hbox (72.73682pt too wide) in paragraph at lines 387--388
\T1/lmr/m/n/12 call-back· udá-losti po-mocí \T1/pcr/m/n/12 meeting_event.callba
cks.append(meeting_callback)\T1/lmr/m/n/12 .
 []

[18]
Overfull \hbox (0.89864pt too wide) in paragraph at lines 404--404
[]\T1/pcr/m/n/12 Roboti se potkali na pozici  {'Robot A': 3, 'Robot B': 3}[] 
 []

[19]
Overfull \hbox (2.5941pt too wide) in paragraph at lines 435--436
\T1/lmr/m/n/12 pro-ces·. Kașdę sdí-lenę zdroj ob-sa-huje ka-pa-citu, frontu pro
 vklá-dání \T1/pcr/m/n/12 put_queue\T1/lmr/m/n/12 ,
 []


Overfull \hbox (29.74687pt too wide) in paragraph at lines 438--439
\T1/lmr/m/n/12 kterę ke kte-rému chceme p°i-stou-pit, nebo ho uvol-nit. Vo-lání
 \T1/pcr/m/n/12 request()/release()
 []


Overfull \hbox (46.64969pt too wide) in paragraph at lines 440--441
\T1/pcr/m/n/12 Resource \T1/lmr/m/n/12 lze pro-vést jed-no-du-chęm zp·-so-bem, 
kdy po-mocí \T1/pcr/m/n/12 resource.request(req)
 []

[20]
Overfull \hbox (10.89821pt too wide) in paragraph at lines 469--470
\T1/lmr/m/n/12 stup ke zdroji d°ív„ neș po-șa-davky s nișČí pri-o-ri-tou. Po-sl
ední va-ri-an-tou \T1/pcr/m/n/12 Resources
 []


Overfull \hbox (0.45605pt too wide) in paragraph at lines 472--473
\T1/lmr/m/n/12 Grafické uși-va-tel-ské roz-hraní apli-kace je vy-tvo-°eno kom-b
i-nací kniho-ven \T1/pcr/m/n/12 Tkinter
 []

[21] [22] [23]
<images/nastaveni_1.png, id=264, 1444.64719pt x 812.28468pt>
File: images/nastaveni_1.png Graphic file (type png)
<use images/nastaveni_1.png>
Package pdftex.def Info: images/nastaveni_1.png  used on input line 520.
(pdftex.def)             Requested size: 409.50119pt x 230.2517pt.
 [24]
<images/nastaveni_capacity.png, id=272, 1444.64719pt x 812.28468pt>
File: images/nastaveni_capacity.png Graphic file (type png)
<use images/nastaveni_capacity.png>
Package pdftex.def Info: images/nastaveni_capacity.png  used on input line 532.

(pdftex.def)             Requested size: 409.50119pt x 230.2517pt.
 [25
pdfTeX warning (ext4): destination with the same identifier (name{figure.1}) ha
s been already used, duplicate ignored
<argument> ...shipout:D \box_use:N \l_shipout_box 
                                                  \__shipout_drop_firstpage_...
l.536 
       <./images/nastaveni_1.png>]
<images/nastaveni_otviraci_doby.png, id=281, 864.98157pt x 455.45157pt>
File: images/nastaveni_otviraci_doby.png Graphic file (type png)
<use images/nastaveni_otviraci_doby.png>
Package pdftex.def Info: images/nastaveni_otviraci_doby.png  used on input line
 542.
(pdftex.def)             Requested size: 409.50119pt x 215.61897pt.
 [26
pdfTeX warning (ext4): destination with the same identifier (name{figure.2}) ha
s been already used, duplicate ignored
<argument> ...shipout:D \box_use:N \l_shipout_box 
                                                  \__shipout_drop_firstpage_...
l.546 
       <./images/nastaveni_capacity.png>] [27
pdfTeX warning (ext4): destination with the same identifier (name{figure.3}) ha
s been already used, duplicate ignored
<argument> ...shipout:D \box_use:N \l_shipout_box 
                                                  \__shipout_drop_firstpage_...
l.557 
       <./images/nastaveni_otviraci_doby.png>]
<images/nastaveni_zvyrazneni.png, id=296, 1381.41093pt x 455.45157pt>
File: images/nastaveni_zvyrazneni.png Graphic file (type png)
<use images/nastaveni_zvyrazneni.png>
Package pdftex.def Info: images/nastaveni_zvyrazneni.png  used on input line 56
3.
(pdftex.def)             Requested size: 409.50119pt x 135.0103pt.
 [28
pdfTeX warning (ext4): destination with the same identifier (name{figure.4}) ha
s been already used, duplicate ignored
<argument> ...shipout:D \box_use:N \l_shipout_box 
                                                  \__shipout_drop_firstpage_...
l.573 
       <./images/nastaveni_zvyrazneni.png>]
<images/nastaveni_generovani_harmonogramu.png, id=304, 824.32968pt x 812.28468p
t>
File: images/nastaveni_generovani_harmonogramu.png Graphic file (type png)
<use images/nastaveni_generovani_harmonogramu.png>
Package pdftex.def Info: images/nastaveni_generovani_harmonogramu.png  used on 
input line 580.
(pdftex.def)             Requested size: 409.50119pt x 403.51372pt.
 [29]
Overfull \hbox (26.15523pt too wide) in paragraph at lines 585--586
[]\T1/lmr/m/n/12 Generátor li-ne-upu vy-u-șívá se-znam ka-pel ulo-șenę v sou-bo
ru \T1/pcr/m/n/12 /data/bands.json\T1/lmr/m/n/12 .
 []

[30
pdfTeX warning (ext4): destination with the same identifier (name{figure.5}) ha
s been already used, duplicate ignored
<argument> ...shipout:D \box_use:N \l_shipout_box 
                                                  \__shipout_drop_firstpage_...
l.589 
       <./images/nastaveni_generovani_harmonogramu.png>]

LaTeX Warning: Reference `fig:nastaveni_vytvareni_harmonogramu.png' on page 31 
undefined on input line 590.

<images/nastaveni_vytvareni_harmonogramu.png, id=314, 998.22937pt x 567.62062pt
>
File: images/nastaveni_vytvareni_harmonogramu.png Graphic file (type png)
<use images/nastaveni_vytvareni_harmonogramu.png>
Package pdftex.def Info: images/nastaveni_vytvareni_harmonogramu.png  used on i
nput line 596.
(pdftex.def)             Requested size: 409.50119pt x 232.84721pt.
[31
pdfTeX warning (ext4): destination with the same identifier (name{figure.6}) ha
s been already used, duplicate ignored
<argument> ...shipout:D \box_use:N \l_shipout_box 
                                                  \__shipout_drop_firstpage_...
l.603 
       <./images/nastaveni_vytvareni_harmonogramu.png>]
<images/editor_leve_panely.png, id=323, 304.88907pt x 649.67719pt>
File: images/editor_leve_panely.png Graphic file (type png)
<use images/editor_leve_panely.png>
Package pdftex.def Info: images/editor_leve_panely.png  used on input line 613.

(pdftex.def)             Requested size: 163.79797pt x 349.04597pt.
 [32] [33
pdfTeX warning (ext4): destination with the same identifier (name{figure.7}) ha
s been already used, duplicate ignored
<argument> ...shipout:D \box_use:N \l_shipout_box 
                                                  \__shipout_drop_firstpage_...
l.626 
       <./images/editor_leve_panely.png>]
<images/editor_festivalovy_areal.png, id=335, 1444.64719pt x 812.28468pt>
File: images/editor_festivalovy_areal.png Graphic file (type png)
<use images/editor_festivalovy_areal.png>
Package pdftex.def Info: images/editor_festivalovy_areal.png  used on input lin
e 634.
(pdftex.def)             Requested size: 409.50119pt x 230.2517pt.

Underfull \hbox (badness 10000) in paragraph at lines 640--641

 []

[34
pdfTeX warning (ext4): destination with the same identifier (name{figure.8}) ha
s been already used, duplicate ignored
<argument> ...shipout:D \box_use:N \l_shipout_box 
                                                  \__shipout_drop_firstpage_...
l.641 \paragraph
                {PlynulĂĄ simulace}\hfill\\ <./images/editor_festivalovy_areal.
png>]
Underfull \hbox (badness 10000) in paragraph at lines 641--642

 []

[35]
LaTeX Font Info:    Trying to load font information for TS1+lmr on input line 6
81.
 (d:/texlive/2026/texmf-dist/tex/latex/lm/ts1lmr.fd
File: ts1lmr.fd 2015/05/01 v1.6.1 Font defs for Latin Modern
)
(d:/texlive/2026/texmf-dist/tex/latex/listings/lstlang1.sty
File: lstlang1.sty 2025/11/14 1.11b listings language file
)
(d:/texlive/2026/texmf-dist/tex/latex/listings/lstlang2.sty
File: lstlang2.sty 2025/11/14 1.11b listings language file
)
(d:/texlive/2026/texmf-dist/tex/latex/listings/lstlang3.sty
File: lstlang3.sty 2025/11/14 1.11b listings language file
)
(d:/texlive/2026/texmf-dist/tex/latex/listings/lstlang1.sty
File: lstlang1.sty 2025/11/14 1.11b listings language file
)
(d:/texlive/2026/texmf-dist/tex/latex/listings/lstlang2.sty
File: lstlang2.sty 2025/11/14 1.11b listings language file
)
(d:/texlive/2026/texmf-dist/tex/latex/listings/lstlang3.sty
File: lstlang3.sty 2025/11/14 1.11b listings language file
)
(d:/texlive/2026/texmf-dist/tex/latex/listings/lstmisc.sty
File: lstmisc.sty 2025/11/14 1.11b (Carsten Heinz)
)
Package hyperref Info: bookmark level for unknown lstlisting defaults to 0 on i
nput line 702.

Overfull \hbox (11.6933pt too wide) in alignment at lines 726--788
 [] [] [] 
 []


ignored: Infinite glue shrinkage found in box being split [36{d:/texlive/2026/texmf-dist
/fonts/enc/dvips/lm/lm-ts1.enc}{d:/texlive/2026/texmf-dist/fonts/enc/dvips/lm/l
m-rm.enc}{d:/texlive/2026/texmf-dist/fonts/enc/dvips/lm/lm-mathit.enc}]
ignored: Infinite
 glue shrinkage found in box being split [37]
Overfull \vbox (0.47247pt too high) has occurred while \output is active []


[38] [39{d:/texlive/2026/texmf-dist/fonts/enc/dvips/lm/lm-mathsy.enc}]
Overfull \hbox (12.74097pt too wide) in paragraph at lines 840--841
\T1/lmr/m/n/12 Pro sazbu li-te-ra-tury má uși-va-tel dv„ moș-nosti. M·șe po-u-ș
ít slu-șeb ba-lík· \T1/lmr/m/sc/12 Bib\T1/lmr/m/n/12 L[]T[]X,
 []


LaTeX Font Warning: Font shape `T1/lmr/bx/sc' undefined
(Font)              using `T1/lmr/bx/n' instead on input line 841.

[40{d:/texlive/2026/texmf-dist/fonts/enc/dvips/lm/lm-mathex.enc}]
Overfull \hbox (33.70378pt too wide) in paragraph at lines 858--859
[][][][][][][][][][][]\T1/lmr/m/n/12 . Na da-nou zkratku se pak lze od-ka-zo-va
t jed-no-duČe, []. 
 []

[41] [42
pdfTeX warning (ext4): destination with the same identifier (name{table.2}) has
 been already used, duplicate ignored
<argument> ...shipout:D \box_use:N \l_shipout_box 
                                                  \__shipout_drop_firstpage_...
l.901 
      ]
\@gls@deffile=\write11
\openout11 = `"PanovskĂœ - BakalĂĄĆskĂĄ prĂĄce.glsdefs"'.

Package hyperref Info: bookmark level for unknown definition defaults to 0 on i
nput line 907.
Package hyperref Info: bookmark level for unknown proof defaults to 0 on input 
line 911.
Package hyperref Info: bookmark level for unknown remark defaults to 0 on input
 line 915.
Package hyperref Info: bookmark level for unknown example defaults to 0 on inpu
t line 919.
Package hyperref Info: bookmark level for unknown lemma defaults to 0 on input 
line 923.
Package hyperref Info: bookmark level for unknown consequence defaults to 0 on 
input line 927.
Package hyperref Info: bookmark level for unknown theorem defaults to 0 on inpu
t line 931.
 [43] [44] [45] [46

] [47

] [48

] [49]
No file "PanovskĂœ - BakalĂĄĆskĂĄ prĂĄce".acr.
[50

]

LaTeX Warning: Empty bibliography on input line 1060.

No file "PanovskĂœ - BakalĂĄĆskĂĄ prĂĄce".ind.

enddocument/afterlastpage (AED): lastpage setting LastPage.
(./PanovskĂœ - BakalĂĄĆskĂĄ prĂĄce.aux)
 ***********
LaTeX2e <2025-11-01>
L3 programming layer <2026-03-20>
 ***********


LaTeX Font Warning: Some font shapes were not available, defaults substituted.


LaTeX Warning: There were undefined references.


Package biblatex Warning: Please (re)run Biber on the file:
(biblatex)                "PanovskĂœ - BakalĂĄĆskĂĄ prĂĄce"
(biblatex)                and rerun LaTeX afterwards.

Package logreq Info: Writing requests to '"PanovskĂœ - BakalĂĄĆskĂĄ prĂĄce".ru
n.xml'.
\openout1 = `"PanovskĂœ - BakalĂĄĆskĂĄ prĂĄce.run.xml"'.

 ) 
Here is how much of TeX's memory you used:
 31764 strings out of 467349
 591689 string characters out of 5419862
 1711059 words of memory out of 5000000
 60141 multiletter control sequences out of 15000+600000
 697416 words of font info for 91 fonts, out of 8000000 for 9000
 1141 hyphenation exceptions out of 8191
 110i,11n,125p,2632b,2308s stack positions out of 10000i,1000n,20000p,200000b,200000s

pdfTeX warning (dest): name{section*.8} has been referenced but does not exist,
 replaced by a fixed one


pdfTeX warning (dest): name{glo:UPOL} has been referenced but does not exist, r
eplaced by a fixed one


pdfTeX warning (dest): name{1ind.ind} has been referenced but does not exist, r
eplaced by a fixed one

<d:/texlive/2026/texmf-dist/fonts/type1/public/lm/lmbx10.pfb><d:/texlive/2026/t
exmf-dist/fonts/type1/public/lm/lmbx12.pfb><d:/texlive/2026/texmf-dist/fonts/ty
pe1/public/lm/lmbx8.pfb><d:/texlive/2026/texmf-dist/fonts/type1/public/lm/lmcsc
10.pfb><d:/texlive/2026/texmf-dist/fonts/type1/public/lm/lmex10.pfb><d:/texlive
/2026/texmf-dist/fonts/type1/public/lm/lmmi12.pfb><d:/texlive/2026/texmf-dist/f
onts/type1/public/lm/lmmi8.pfb><d:/texlive/2026/texmf-dist/fonts/type1/public/l
m/lmr10.pfb><d:/texlive/2026/texmf-dist/fonts/type1/public/lm/lmr12.pfb><d:/tex
live/2026/texmf-dist/fonts/type1/public/lm/lmr17.pfb><d:/texlive/2026/texmf-dis
t/fonts/type1/public/lm/lmr8.pfb><d:/texlive/2026/texmf-dist/fonts/type1/public
/lm/lmri12.pfb><d:/texlive/2026/texmf-dist/fonts/type1/public/lm/lmsy10.pfb><d:
/texlive/2026/texmf-dist/fonts/type1/public/lm/lmsy8.pfb><d:/texlive/2026/texmf
-dist/fonts/type1/public/amsfonts/symbols/msam10.pfb><d:/texlive/2026/texmf-dis
t/fonts/type1/public/cm-super/sftt1200.pfb><d:/texlive/2026/texmf-dist/fonts/ty
pe1/urw/courier/ucrb8a.pfb><d:/texlive/2026/texmf-dist/fonts/type1/urw/courier/
ucrr8a.pfb>
Output written on "PanovskĂœ - BakalĂĄĆskĂĄ prĂĄce.pdf" (50 pages, 11749778 by
tes).
PDF statistics:
 850 PDF objects out of 1000 (max. 8388607)
 733 compressed objects within 8 object streams
 202 named destinations out of 1000 (max. 500000)
 627 words of extra memory for PDF output out of 10000 (max. 10000000)

